[2026-03-09 13:26:11] ============================================================
[2026-03-09 13:26:11] 🔍 BTC 实时监控启动
[2026-03-09 13:26:11] 告警阈值：$68,000.00 - $69,000.00
[2026-03-09 13:26:11] 检查间隔：10 秒
[2026-03-09 13:26:11] ============================================================
[2026-03-09 14:28:53] ============================================================
[2026-03-09 14:28:53] 🔍 BTC 实时监控启动
[2026-03-09 14:28:53] 告警阈值：$68,000.00 - $69,000.00
[2026-03-09 14:28:53] 检查间隔：10 秒
[2026-03-09 14:28:53] ============================================================
[2026-03-09 15:30:34] ============================================================
[2026-03-09 15:30:34] 🔍 BTC 实时监控启动
[2026-03-09 15:30:34] 告警阈值：$68,000.00 - $69,000.00
[2026-03-09 15:30:34] 检查间隔：10 秒
[2026-03-09 15:30:34] ============================================================
[2026-03-09 15:30:37] 🚨 📈 **BTC 突破 $69,000.00**
[2026-03-09 15:30:37]    当前价格：$69,076.85
[2026-03-09 15:30:37]    建议：关注阻力位，空头注意风险
[2026-03-09 15:31:01] 💰 $69,084.88 | 区间：$68,000-$69,000
[2026-03-09 15:32:01] 💰 $69,106.47 | 区间：$68,000-$69,000
[2026-03-09 15:33:03] 💰 $69,010.00 | 区间：$68,000-$69,000
[2026-03-09 15:34:03] 💰 $68,887.51 | 区间：$68,000-$69,000
[2026-03-09 15:35:02] 💰 $68,896.49 | 区间：$68,000-$69,000
[2026-03-09 15:36:00] 💰 $68,806.07 | 区间：$68,000-$69,000
[2026-03-09 15:37:01] 💰 $68,800.97 | 区间：$68,000-$69,000
[2026-03-09 15:38:00] 💰 $68,810.04 | 区间：$68,000-$69,000
[2026-03-09 15:40:08] 💰 $68,796.80 | 区间：$68,000-$69,000
[2026-03-09 15:41:08] 💰 $68,817.75 | 区间：$68,000-$69,000
[2026-03-09 15:42:08] 💰 $68,808.87 | 区间：$68,000-$69,000
[2026-03-09 15:43:08] 💰 $68,756.04 | 区间：$68,000-$69,000
[2026-03-09 15:45:00] 💰 $68,758.38 | 区间：$68,000-$69,000
[2026-03-09 15:46:00] 💰 $68,830.45 | 区间：$68,000-$69,000
[2026-03-09 15:47:03] 💰 $68,857.32 | 区间：$68,000-$69,000
[2026-03-09 15:48:04] 💰 $68,836.03 | 区间：$68,000-$69,000
[2026-03-09 15:49:03] 💰 $68,834.31 | 区间：$68,000-$69,000
[2026-03-09 15:50:02] 💰 $68,847.51 | 区间：$68,000-$69,000
[2026-03-09 15:51:01] 💰 $68,806.79 | 区间：$68,000-$69,000
[2026-03-09 15:52:03] 💰 $68,866.73 | 区间：$68,000-$69,000
[2026-03-09 15:53:04] 💰 $68,844.57 | 区间：$68,000-$69,000
[2026-03-09 15:54:09] 💰 $68,881.73 | 区间：$68,000-$69,000
[2026-03-09 15:55:04] 💰 $68,894.05 | 区间：$68,000-$69,000
[2026-03-09 15:56:02] 💰 $68,954.67 | 区间：$68,000-$69,000
[2026-03-09 15:56:14] 🚨 📈 **BTC 突破 $69,000.00**
[2026-03-09 15:56:14]    当前价格：$69,014.40
[2026-03-09 15:56:14]    建议：关注阻力位，空头注意风险
[2026-03-09 15:57:03] 💰 $69,016.86 | 区间：$68,000-$69,000
[2026-03-09 15:57:41] 🚨 📈 **BTC 突破 $69,000.00**
[2026-03-09 15:57:41]    当前价格：$69,002.14
[2026-03-09 15:57:41]    建议：关注阻力位，空头注意风险
[2026-03-09 15:58:05] 💰 $69,003.15 | 区间：$68,000-$69,000
[2026-03-09 15:59:08] 💰 $68,935.00 | 区间：$68,000-$69,000
[2026-03-09 16:02:08] 💰 $68,831.46 | 区间：$68,000-$69,000
[2026-03-09 16:03:06] 💰 $68,904.46 | 区间：$68,000-$69,000
[2026-03-09 16:04:04] 💰 $68,982.94 | 区间：$68,000-$69,000
[2026-03-09 16:05:02] 💰 $68,996.55 | 区间：$68,000-$69,000
[2026-03-09 16:07:22] 🚨 📈 **BTC 突破 $69,000.00**
[2026-03-09 16:07:22]    当前价格：$69,011.99
[2026-03-09 16:07:22]    建议：关注阻力位，空头注意风险
[2026-03-09 17:15:29] ============================================================
[2026-03-09 17:15:29] 🔍 BTC 实时监控启动
[2026-03-09 17:15:29] 告警阈值：$68,000.00 - $69,000.00
[2026-03-09 17:15:29] 检查间隔：10 秒
[2026-03-09 17:15:29] ============================================================
[2026-03-09 17:15:31] 🚨 📈 **BTC 突破 $69,000.00**
[2026-03-09 17:15:31]    当前价格：$69,018.98
[2026-03-09 17:15:31]    建议：关注阻力位，空头注意风险
[2026-03-09 17:16:06] 💰 $68,965.21 | 区间：$68,000-$69,000
[2026-03-09 17:16:33] 🚨 📈 **BTC 突破 $69,000.00**
[2026-03-09 17:16:33]    当前价格：$69,023.46
[2026-03-09 17:16:33]    建议：关注阻力位，空头注意风险
[2026-03-09 17:17:08] 💰 $69,036.68 | 区间：$68,000-$69,000
[2026-03-09 17:18:07] 💰 $69,025.14 | 区间：$68,000-$69,000
[2026-03-09 17:19:05] 💰 $68,941.17 | 区间：$68,000-$69,000
[2026-03-09 17:20:04] 💰 $68,912.73 | 区间：$68,000-$69,000
[2026-03-09 17:21:02] 💰 $68,898.05 | 区间：$68,000-$69,000
[2026-03-09 17:22:00] 💰 $68,817.68 | 区间：$68,000-$69,000
[2026-03-09 17:26:08] 💰 $68,756.72 | 区间：$68,000-$69,000
[2026-03-09 17:27:09] 💰 $68,760.92 | 区间：$68,000-$69,000
[2026-03-09 17:28:08] 💰 $68,731.84 | 区间：$68,000-$69,000
[2026-03-09 17:29:07] 💰 $68,664.96 | 区间：$68,000-$69,000
[2026-03-09 17:30:05] 💰 $68,599.03 | 区间：$68,000-$69,000
[2026-03-09 17:31:02] 💰 $68,711.57 | 区间：$68,000-$69,000
[2026-03-09 17:32:01] 💰 $68,665.42 | 区间：$68,000-$69,000
[2026-03-09 17:34:01] 💰 $68,772.48 | 区间：$68,000-$69,000
[2026-03-09 17:36:02] 💰 $68,623.17 | 区间：$68,000-$69,000
[2026-03-09 17:37:00] 💰 $68,558.86 | 区间：$68,000-$69,000
[2026-03-09 17:39:08] 💰 $68,443.20 | 区间：$68,000-$69,000
[2026-03-09 17:40:06] 💰 $68,470.38 | 区间：$68,000-$69,000
[2026-03-09 17:41:04] 💰 $68,375.25 | 区间：$68,000-$69,000
[2026-03-09 17:42:03] 💰 $68,428.52 | 区间：$68,000-$69,000
[2026-03-09 17:43:01] 💰 $68,393.34 | 区间：$68,000-$69,000
[2026-03-09 17:45:09] 💰 $68,413.02 | 区间：$68,000-$69,000
[2026-03-09 17:46:07] 💰 $68,449.12 | 区间：$68,000-$69,000
[2026-03-09 17:47:04] 💰 $68,423.76 | 区间：$68,000-$69,000
[2026-03-09 17:48:02] 💰 $68,488.21 | 区间：$68,000-$69,000
[2026-03-09 17:49:00] 💰 $68,508.03 | 区间：$68,000-$69,000
[2026-03-09 17:51:00] 💰 $68,486.98 | 区间：$68,000-$69,000
[2026-03-09 17:53:00] 💰 $68,546.58 | 区间：$68,000-$69,000
[2026-03-09 17:55:09] 💰 $68,654.01 | 区间：$68,000-$69,000
[2026-03-09 17:56:07] 💰 $68,597.94 | 区间：$68,000-$69,000
[2026-03-09 17:57:07] 💰 $68,637.01 | 区间：$68,000-$69,000
[2026-03-09 17:58:05] 💰 $68,640.51 | 区间：$68,000-$69,000
[2026-03-09 17:59:03] 💰 $68,636.62 | 区间：$68,000-$69,000
[2026-03-09 18:00:01] 💰 $68,585.30 | 区间：$68,000-$69,000
[2026-03-09 18:01:02] 💰 $68,566.97 | 区间：$68,000-$69,000
[2026-03-09 18:02:00] 💰 $68,552.07 | 区间：$68,000-$69,000
[2026-03-09 18:04:09] 💰 $68,425.33 | 区间：$68,000-$69,000
[2026-03-09 18:05:09] 💰 $68,413.30 | 区间：$68,000-$69,000
[2026-03-09 18:06:08] 💰 $68,426.00 | 区间：$68,000-$69,000
[2026-03-09 18:07:07] 💰 $68,356.91 | 区间：$68,000-$69,000
[2026-03-09 18:08:05] 💰 $68,291.13 | 区间：$68,000-$69,000
[2026-03-09 18:09:03] 💰 $68,321.03 | 区间：$68,000-$69,000
[2026-03-09 18:10:01] 💰 $68,354.75 | 区间：$68,000-$69,000
[2026-03-09 18:12:08] 💰 $68,401.93 | 区间：$68,000-$69,000
[2026-03-09 18:13:05] 💰 $68,458.77 | 区间：$68,000-$69,000
[2026-03-09 18:14:03] 💰 $68,457.17 | 区间：$68,000-$69,000
[2026-03-09 18:15:01] 💰 $68,434.46 | 区间：$68,000-$69,000
[2026-03-09 18:16:01] 💰 $68,418.89 | 区间：$68,000-$69,000
[2026-03-09 18:18:09] 💰 $68,532.76 | 区间：$68,000-$69,000
[2026-03-09 18:19:07] 💰 $68,622.08 | 区间：$68,000-$69,000
[2026-03-09 18:20:06] 💰 $68,576.01 | 区间：$68,000-$69,000
[2026-03-09 18:21:04] 💰 $68,536.09 | 区间：$68,000-$69,000
[2026-03-09 18:22:02] 💰 $68,525.32 | 区间：$68,000-$69,000
[2026-03-09 18:23:00] 💰 $68,540.19 | 区间：$68,000-$69,000
[2026-03-09 18:25:09] 💰 $68,559.72 | 区间：$68,000-$69,000
[2026-03-09 18:26:06] 💰 $68,559.95 | 区间：$68,000-$69,000
[2026-03-09 18:27:04] 💰 $68,576.79 | 区间：$68,000-$69,000
[2026-03-09 18:28:02] 💰 $68,531.84 | 区间：$68,000-$69,000
[2026-03-09 18:29:00] 💰 $68,556.31 | 区间：$68,000-$69,000
[2026-03-09 18:30:09] 💰 $68,603.53 | 区间：$68,000-$69,000
[2026-03-09 18:31:07] 💰 $68,631.27 | 区间：$68,000-$69,000
[2026-03-09 18:32:05] 💰 $68,607.39 | 区间：$68,000-$69,000
[2026-03-09 18:33:03] 💰 $68,589.63 | 区间：$68,000-$69,000
[2026-03-09 18:34:02] 💰 $68,590.20 | 区间：$68,000-$69,000
[2026-03-09 18:35:01] 💰 $68,625.47 | 区间：$68,000-$69,000
[2026-03-09 18:37:08] 💰 $68,567.78 | 区间：$68,000-$69,000
[2026-03-09 18:38:06] 💰 $68,516.22 | 区间：$68,000-$69,000
[2026-03-09 18:39:05] 💰 $68,481.53 | 区间：$68,000-$69,000
[2026-03-09 18:40:03] 💰 $68,514.75 | 区间：$68,000-$69,000
[2026-03-09 18:41:01] 💰 $68,539.36 | 区间：$68,000-$69,000
[2026-03-09 18:43:09] 💰 $68,503.70 | 区间：$68,000-$69,000
[2026-03-09 18:44:07] 💰 $68,486.02 | 区间：$68,000-$69,000
[2026-03-09 18:45:05] 💰 $68,497.66 | 区间：$68,000-$69,000
[2026-03-09 18:46:03] 💰 $68,503.69 | 区间：$68,000-$69,000
[2026-03-09 18:47:01] 💰 $68,535.66 | 区间：$68,000-$69,000
[2026-03-09 18:49:09] 💰 $68,470.59 | 区间：$68,000-$69,000
[2026-03-09 18:50:07] 💰 $68,418.81 | 区间：$68,000-$69,000
[2026-03-09 18:51:05] 💰 $68,376.82 | 区间：$68,000-$69,000
[2026-03-09 18:52:03] 💰 $68,414.33 | 区间：$68,000-$69,000
[2026-03-09 18:53:01] 💰 $68,428.48 | 区间：$68,000-$69,000
[2026-03-09 18:55:09] 💰 $68,433.40 | 区间：$68,000-$69,000
[2026-03-09 18:57:08] 💰 $68,405.41 | 区间：$68,000-$69,000
[2026-03-09 18:58:06] 💰 $68,359.19 | 区间：$68,000-$69,000
[2026-03-09 18:59:04] 💰 $68,347.45 | 区间：$68,000-$69,000
[2026-03-09 19:00:02] 💰 $68,379.99 | 区间：$68,000-$69,000
[2026-03-09 19:01:00] 💰 $68,443.66 | 区间：$68,000-$69,000
[2026-03-09 19:04:08] 💰 $68,480.91 | 区间：$68,000-$69,000
[2026-03-09 19:05:07] 💰 $68,478.96 | 区间：$68,000-$69,000
[2026-03-09 19:06:04] 💰 $68,421.37 | 区间：$68,000-$69,000
[2026-03-09 19:07:02] 💰 $68,428.49 | 区间：$68,000-$69,000
[2026-03-09 19:09:08] 💰 $68,510.00 | 区间：$68,000-$69,000
[2026-03-09 19:10:08] 💰 $68,491.51 | 区间：$68,000-$69,000
[2026-03-09 19:11:06] 💰 $68,481.92 | 区间：$68,000-$69,000
[2026-03-09 19:12:04] 💰 $68,481.88 | 区间：$68,000-$69,000
[2026-03-09 19:13:02] 💰 $68,450.81 | 区间：$68,000-$69,000
[2026-03-09 19:14:00] 💰 $68,415.99 | 区间：$68,000-$69,000
[2026-03-09 19:15:09] 💰 $68,411.03 | 区间：$68,000-$69,000
[2026-03-09 19:16:08] 💰 $68,394.34 | 区间：$68,000-$69,000
[2026-03-09 19:17:05] 💰 $68,480.04 | 区间：$68,000-$69,000
[2026-03-09 19:18:03] 💰 $68,503.09 | 区间：$68,000-$69,000
[2026-03-09 19:19:01] 💰 $68,433.13 | 区间：$68,000-$69,000
[2026-03-09 19:21:08] 💰 $68,822.05 | 区间：$68,000-$69,000
[2026-03-09 19:22:06] 💰 $68,864.66 | 区间：$68,000-$69,000
[2026-03-09 19:23:04] 💰 $68,933.08 | 区间：$68,000-$69,000
[2026-03-09 19:24:04] 💰 $68,994.01 | 区间：$68,000-$69,000
[2026-03-09 19:24:39] 🚨 📈 **BTC 突破 $69,000.00**
[2026-03-09 19:24:39]    当前价格：$69,015.19
[2026-03-09 19:24:39]    建议：关注阻力位，空头注意风险
[2026-03-09 19:25:05] 💰 $69,071.52 | 区间：$68,000-$69,000
[2026-03-09 19:26:04] 💰 $69,210.03 | 区间：$68,000-$69,000
[2026-03-09 19:27:03] 💰 $69,286.17 | 区间：$68,000-$69,000
[2026-03-09 19:28:03] 💰 $69,264.53 | 区间：$68,000-$69,000
[2026-03-09 19:29:02] 💰 $69,228.14 | 区间：$68,000-$69,000
[2026-03-09 19:30:00] 💰 $69,423.99 | 区间：$68,000-$69,000
