[2026-03-09 01:49:10] ✅ 监控启动，上次价格：$N/A
[2026-03-09 01:50:21] 💰 BTC: $66,498.00 | 盈亏：$3.33 (+0.62%)
[2026-03-09 01:55:22] 💰 BTC: $66,424.11 | 盈亏：$3.92 (+0.73%)
[2026-03-09 02:00:22] 💰 BTC: $66,151.99 | 盈亏：$6.10 (+1.14%)
[2026-03-09 02:05:23] 💰 BTC: $66,086.27 | 盈亏：$6.62 (+1.24%)
[2026-03-09 02:10:24] 💰 BTC: $66,253.15 | 盈亏：$5.29 (+0.99%)
[2026-03-09 02:15:26] 💰 BTC: $66,073.93 | 盈亏：$6.72 (+1.26%)
[2026-03-09 02:20:12] 💰 BTC: $66,027.86 | 盈亏：$7.09 (+1.32%)
[2026-03-09 02:25:29] 💰 BTC: $66,084.01 | 盈亏：$6.64 (+1.24%)
[2026-03-09 02:30:14] 💰 BTC: $66,110.37 | 盈亏：$6.43 (+1.20%)
[2026-03-09 02:35:00] 💰 BTC: $66,266.79 | 盈亏：$5.18 (+0.97%)
[2026-03-09 02:48:32] ✅ 监控启动，上次价格：$66306.86
[2026-03-09 02:50:09] 💰 BTC: $66,626.45 | 盈亏：$2.30 (+0.43%)
[2026-03-09 02:50:41] 
============================================================
⚠️ 价格告警
============================================================
📈 **BTC 突破高点 $66700**
当前价格：$66,701.23
时间：2026-03-09 02:50:41
============================================================
[2026-03-09 02:55:27] 💰 BTC: $66,641.56 | 盈亏：$2.18 (+0.41%)
[2026-03-09 03:00:13] 💰 BTC: $66,529.44 | 盈亏：$3.08 (+0.58%)
[2026-03-09 03:02:20] 
============================================================
⚠️ 价格告警
============================================================
📈 **BTC 突破高点 $66700**
当前价格：$66,883.38
时间：2026-03-09 03:02:20
============================================================
[2026-03-09 03:05:01] 💰 BTC: $66,868.01 | 盈亏：$0.37 (+0.07%)
[2026-03-09 03:10:17] 💰 BTC: $67,129.96 | 盈亏：$-1.73 (-0.32%)
[2026-03-09 03:15:06] 💰 BTC: $67,478.94 | 盈亏：$-4.52 (-0.84%)
[2026-03-09 03:20:28] 💰 BTC: $67,376.68 | 盈亏：$-3.70 (-0.69%)
[2026-03-09 03:22:39] ❌ 获取价格失败：HTTPSConnectionPool(host='api.binance.com', port=443): Max retries exceeded with url: /api/v3/ticker/price?symbol=BTCUSDT (Caused by SSLError(SSLEOFError(8, '[SSL: UNEXPECTED_EOF_WHILE_READING] EOF occurred in violation of protocol (_ssl.c:1000)')))
[2026-03-09 03:25:26] 💰 BTC: $67,114.07 | 盈亏：$-1.60 (-0.30%)
[2026-03-09 03:30:13] 💰 BTC: $67,239.47 | 盈亏：$-2.60 (-0.49%)
[2026-03-09 03:40:17] 💰 BTC: $67,101.61 | 盈亏：$-1.50 (-0.28%)
[2026-03-09 05:34:58] ⚠️ 突破止损预警 $67180 | 当前：$67,587.08
