=== 每日博客创作自动化 ===
日期：2026-03-08

✅ 四篇博客已创建：
  1. redteam-agent-2026-03-08.md (红队 Agent)
  2. ai-agent-2026-03-08.md (AI Agent)
  3. content-factory-2026-03-08.md (内容工厂)
  4. binance/binance-daily-2026-03-08.md (ClawGuard-BNB)

[main 7543a9e] Daily: 每日四篇博客创作 (2026-03-08)
 4 files changed, 165 insertions(+)
 create mode 100644 source/posts/ai-agent-2026-03-08.md
 create mode 100644 source/posts/binance/binance-daily-2026-03-08.md
 create mode 100644 source/posts/content-factory-2026-03-08.md
 create mode 100644 source/posts/redteam-agent-2026-03-08.md
To https://github.com/wizawn/blog.git
   a5af4b9..7543a9e  main -> main

✅ 博客已推送到 GitHub
⏳ Cloudflare 自动部署中...

=== 完成 ===
=== 每日博客创作自动化 ===
日期：2026-03-09

/root/.openclaw/workspace/tasks/daily-blog-creator.sh: line 129: /root/.openclaw/workspace/01_Projects/01_博客运营/blog/source/posts/binance/binance-daily-2026-03-09.md: No such file or directory
sed: can't read /root/.openclaw/workspace/01_Projects/01_博客运营/blog/source/posts/binance/binance-daily-2026-03-09.md: No such file or directory
✅ 四篇博客已创建：
  1. redteam-agent-2026-03-09.md (红队 Agent)
  2. ai-agent-2026-03-09.md (AI Agent)
  3. content-factory-2026-03-09.md (内容工厂)
  4. binance/binance-daily-2026-03-09.md (ClawGuard-BNB)

warning: could not open directory 'source/posts/binance/': No such file or directory
fatal: pathspec 'source/posts/binance/binance-daily-2026-03-09.md' did not match any files
[main f0220e2] Daily: 每日四篇博客创作 (2026-03-09)
 3 files changed, 99 insertions(+)
 create mode 100644 source/posts/ai-agent-2026-03-09.md
 create mode 100644 source/posts/content-factory-2026-03-09.md
 create mode 100644 source/posts/redteam-agent-2026-03-09.md
To https://github.com/wizawn/blog.git
   994fe21..f0220e2  main -> main

✅ 博客已推送到 GitHub
⏳ Cloudflare 自动部署中...

=== 完成 ===
=== 每日博客创作自动化 ===
日期：2026-03-10

/root/.openclaw/workspace/tasks/daily-blog-creator.sh: line 129: /root/.openclaw/workspace/01_Projects/01_博客运营/blog/source/posts/binance/binance-daily-2026-03-10.md: No such file or directory
sed: can't read /root/.openclaw/workspace/01_Projects/01_博客运营/blog/source/posts/binance/binance-daily-2026-03-10.md: No such file or directory
✅ 四篇博客已创建：
  1. redteam-agent-2026-03-10.md (红队 Agent)
  2. ai-agent-2026-03-10.md (AI Agent)
  3. content-factory-2026-03-10.md (内容工厂)
  4. binance/binance-daily-2026-03-10.md (ClawGuard-BNB)

warning: could not open directory 'source/posts/binance/': No such file or directory
fatal: pathspec 'source/posts/binance/binance-daily-2026-03-10.md' did not match any files
[main 1ececf4] Daily: 每日四篇博客创作 (2026-03-10)
 3 files changed, 99 insertions(+)
 create mode 100644 source/posts/ai-agent-2026-03-10.md
 create mode 100644 source/posts/content-factory-2026-03-10.md
 create mode 100644 source/posts/redteam-agent-2026-03-10.md
To https://github.com/wizawn/blog.git
   c02724e..1ececf4  main -> main

✅ 博客已推送到 GitHub
⏳ Cloudflare 自动部署中...

=== 完成 ===
=== 每日博客创作自动化 ===
日期：2026-03-11

/root/.openclaw/workspace/tasks/daily-blog-creator.sh: line 129: /root/.openclaw/workspace/01_Projects/01_博客运营/blog/source/posts/binance/binance-daily-2026-03-11.md: No such file or directory
sed: can't read /root/.openclaw/workspace/01_Projects/01_博客运营/blog/source/posts/binance/binance-daily-2026-03-11.md: No such file or directory
✅ 四篇博客已创建：
  1. redteam-agent-2026-03-11.md (红队 Agent)
  2. ai-agent-2026-03-11.md (AI Agent)
  3. content-factory-2026-03-11.md (内容工厂)
  4. binance/binance-daily-2026-03-11.md (ClawGuard-BNB)

warning: could not open directory 'source/posts/binance/': No such file or directory
fatal: pathspec 'source/posts/binance/binance-daily-2026-03-11.md' did not match any files
[main 88c1ce2] Daily: 每日四篇博客创作 (2026-03-11)
 3 files changed, 99 insertions(+)
 create mode 100644 source/posts/ai-agent-2026-03-11.md
 create mode 100644 source/posts/content-factory-2026-03-11.md
 create mode 100644 source/posts/redteam-agent-2026-03-11.md
To https://github.com/wizawn/blog.git
   4247201..88c1ce2  main -> main

✅ 博客已推送到 GitHub
⏳ Cloudflare 自动部署中...

=== 完成 ===
=== 每日博客创作自动化 ===
日期：2026-03-12

✅ 四篇博客已创建：
  1. redteam-agent-2026-03-12.md (红队 Agent)
  2. ai-agent-2026-03-12.md (AI Agent)
  3. content-factory-2026-03-12.md (内容工厂)
  4. binance/binance-daily-2026-03-12.md (ClawGuard-BNB)

[main 5f32eca] Daily: 每日四篇博客创作 (2026-03-12)
 4 files changed, 165 insertions(+)
 create mode 100644 source/posts/ai-agent-2026-03-12.md
 create mode 100644 source/posts/binance/binance-daily-2026-03-12.md
 create mode 100644 source/posts/content-factory-2026-03-12.md
 create mode 100644 source/posts/redteam-agent-2026-03-12.md
To https://github.com/wizawn/blog.git
   d2d77df..5f32eca  main -> main

✅ 博客已推送到 GitHub
⏳ Cloudflare 自动部署中...

=== 完成 ===
=== 每日博客创作自动化 ===
日期：2026-03-13

✅ 四篇博客已创建：
  1. redteam-agent-2026-03-13.md (红队 Agent)
  2. ai-agent-2026-03-13.md (AI Agent)
  3. content-factory-2026-03-13.md (内容工厂)
  4. binance/binance-daily-2026-03-13.md (ClawGuard-BNB)

[main 5fb1249] Daily: 每日四篇博客创作 (2026-03-13)
 4 files changed, 165 insertions(+)
 create mode 100644 source/posts/ai-agent-2026-03-13.md
 create mode 100644 source/posts/binance/binance-daily-2026-03-13.md
 create mode 100644 source/posts/content-factory-2026-03-13.md
 create mode 100644 source/posts/redteam-agent-2026-03-13.md
To https://github.com/wizawn/blog.git
   5e1023b..5fb1249  main -> main

✅ 博客已推送到 GitHub
⏳ Cloudflare 自动部署中...

=== 完成 ===
=== 每日博客创作自动化 ===
日期：2026-03-14

✅ 四篇博客已创建：
  1. redteam-agent-2026-03-14.md (红队 Agent)
  2. ai-agent-2026-03-14.md (AI Agent)
  3. content-factory-2026-03-14.md (内容工厂)
  4. binance/binance-daily-2026-03-14.md (ClawGuard-BNB)

[main 8b3e01e] Daily: 每日四篇博客创作 (2026-03-14)
 4 files changed, 165 insertions(+)
 create mode 100644 source/posts/ai-agent-2026-03-14.md
 create mode 100644 source/posts/binance/binance-daily-2026-03-14.md
 create mode 100644 source/posts/content-factory-2026-03-14.md
 create mode 100644 source/posts/redteam-agent-2026-03-14.md
To https://github.com/wizawn/blog.git
   fdfb2dc..8b3e01e  main -> main

✅ 博客已推送到 GitHub
⏳ Cloudflare 自动部署中...

=== 完成 ===
=== 每日博客创作自动化 ===
日期：2026-03-15

✅ 四篇博客已创建：
  1. redteam-agent-2026-03-15.md (红队 Agent)
  2. ai-agent-2026-03-15.md (AI Agent)
  3. content-factory-2026-03-15.md (内容工厂)
  4. binance/binance-daily-2026-03-15.md (ClawGuard-BNB)

[main 21cb9e3] Daily: 每日四篇博客创作 (2026-03-15)
 4 files changed, 165 insertions(+)
 create mode 100644 source/posts/ai-agent-2026-03-15.md
 create mode 100644 source/posts/binance/binance-daily-2026-03-15.md
 create mode 100644 source/posts/content-factory-2026-03-15.md
 create mode 100644 source/posts/redteam-agent-2026-03-15.md
To https://github.com/wizawn/blog.git
   5cf5806..21cb9e3  main -> main

✅ 博客已推送到 GitHub
⏳ Cloudflare 自动部署中...

=== 完成 ===
=== 每日博客创作自动化 ===
日期：2026-03-16

✅ 四篇博客已创建：
  1. redteam-agent-2026-03-16.md (红队 Agent)
  2. ai-agent-2026-03-16.md (AI Agent)
  3. content-factory-2026-03-16.md (内容工厂)
  4. binance/binance-daily-2026-03-16.md (ClawGuard-BNB)

[main 49e70c4] Daily: 每日四篇博客创作 (2026-03-16)
 4 files changed, 165 insertions(+)
 create mode 100644 source/posts/ai-agent-2026-03-16.md
 create mode 100644 source/posts/binance/binance-daily-2026-03-16.md
 create mode 100644 source/posts/content-factory-2026-03-16.md
 create mode 100644 source/posts/redteam-agent-2026-03-16.md
To https://github.com/wizawn/blog.git
   cd5f6d4..49e70c4  main -> main

✅ 博客已推送到 GitHub
⏳ Cloudflare 自动部署中...

=== 完成 ===
=== 每日博客创作自动化 ===
日期：2026-03-17

✅ 四篇博客已创建：
  1. redteam-agent-2026-03-17.md (红队 Agent)
  2. ai-agent-2026-03-17.md (AI Agent)
  3. content-factory-2026-03-17.md (内容工厂)
  4. binance/binance-daily-2026-03-17.md (ClawGuard-BNB)

[main a13e1997] Daily: 每日四篇博客创作 (2026-03-17)
 4 files changed, 165 insertions(+)
 create mode 100644 source/posts/ai-agent-2026-03-17.md
 create mode 100644 source/posts/binance/binance-daily-2026-03-17.md
 create mode 100644 source/posts/content-factory-2026-03-17.md
 create mode 100644 source/posts/redteam-agent-2026-03-17.md
To https://github.com/wizawn/blog.git
   cb8e58f2..a13e1997  main -> main

✅ 博客已推送到 GitHub
⏳ Cloudflare 自动部署中...

=== 完成 ===
=== 每日博客创作自动化 ===
日期：2026-03-18

✅ 四篇博客已创建：
  1. redteam-agent-2026-03-18.md (红队 Agent)
  2. ai-agent-2026-03-18.md (AI Agent)
  3. content-factory-2026-03-18.md (内容工厂)
  4. binance/binance-daily-2026-03-18.md (ClawGuard-BNB)

[main 81b8e7ac] Daily: 每日四篇博客创作 (2026-03-18)
 4 files changed, 165 insertions(+)
 create mode 100644 source/posts/ai-agent-2026-03-18.md
 create mode 100644 source/posts/binance/binance-daily-2026-03-18.md
 create mode 100644 source/posts/content-factory-2026-03-18.md
 create mode 100644 source/posts/redteam-agent-2026-03-18.md
To https://github.com/wizawn/blog.git
   578bc9b5..81b8e7ac  main -> main

✅ 博客已推送到 GitHub
⏳ Cloudflare 自动部署中...

=== 完成 ===
=== 每日博客创作自动化 ===
日期：2026-03-19

✅ 四篇博客已创建：
  1. redteam-agent-2026-03-19.md (红队 Agent)
  2. ai-agent-2026-03-19.md (AI Agent)
  3. content-factory-2026-03-19.md (内容工厂)
  4. binance/binance-daily-2026-03-19.md (ClawGuard-BNB)

[main 11a1db96] Daily: 每日四篇博客创作 (2026-03-19)
 4 files changed, 165 insertions(+)
 create mode 100644 source/posts/ai-agent-2026-03-19.md
 create mode 100644 source/posts/binance/binance-daily-2026-03-19.md
 create mode 100644 source/posts/content-factory-2026-03-19.md
 create mode 100644 source/posts/redteam-agent-2026-03-19.md
To https://github.com/wizawn/blog.git
   b5cc1125..11a1db96  main -> main

✅ 博客已推送到 GitHub
⏳ Cloudflare 自动部署中...

=== 完成 ===
=== 每日博客创作自动化 ===
日期：2026-03-20

✅ 四篇博客已创建：
  1. redteam-agent-2026-03-20.md (红队 Agent)
  2. ai-agent-2026-03-20.md (AI Agent)
  3. content-factory-2026-03-20.md (内容工厂)
  4. binance/binance-daily-2026-03-20.md (ClawGuard-BNB)

[main 12e75556] Daily: 每日四篇博客创作 (2026-03-20)
 4 files changed, 165 insertions(+)
 create mode 100644 source/posts/ai-agent-2026-03-20.md
 create mode 100644 source/posts/binance/binance-daily-2026-03-20.md
 create mode 100644 source/posts/content-factory-2026-03-20.md
 create mode 100644 source/posts/redteam-agent-2026-03-20.md
To https://github.com/wizawn/blog.git
   a0109747..12e75556  main -> main

✅ 博客已推送到 GitHub
⏳ Cloudflare 自动部署中...

=== 完成 ===
