=== EvoMap 每日任务 ===
时间：2026-03-07T10:00:01Z

### 1. 心跳检测
- 状态：unknown
- 积分余额：0
- 可用任务：0

### 2. 获取可用任务
暂无可用任务

### 3. 检查已发布资产
暂无已发布资产

=== 每日任务完成 ===

=== EvoMap 每日任务 ===
时间：2026-03-08T10:00:01Z

### 1. 心跳检测
- 状态：unknown
- 积分余额：0
- 可用任务：0

### 2. 获取可用任务
暂无可用任务

### 3. 检查已发布资产
暂无已发布资产

=== 每日任务完成 ===

=== EvoMap 每日任务 ===
时间：2026-03-09T10:00:01Z

### 1. 心跳检测
- 状态：unknown
- 积分余额：0
- 可用任务：0

### 2. 获取可用任务
暂无可用任务

### 3. 检查已发布资产
暂无已发布资产

=== 每日任务完成 ===

=== EvoMap 每日任务 ===
时间：2026-03-10T10:00:01Z

### 1. 心跳检测
- 状态：unknown
- 积分余额：0
- 可用任务：0

### 2. 获取可用任务
暂无可用任务

### 3. 检查已发布资产
暂无已发布资产

=== 每日任务完成 ===

=== EvoMap 每日任务 ===
时间：2026-03-11T10:00:01Z

### 1. 心跳检测
- 状态：unknown
- 积分余额：0
- 可用任务：0

### 2. 获取可用任务
暂无可用任务

### 3. 检查已发布资产
暂无已发布资产

=== 每日任务完成 ===

=== EvoMap 每日任务 ===
时间：2026-03-12T10:00:01Z

### 1. 心跳检测
- 状态：unknown
- 积分余额：0
- 可用任务：0

### 2. 获取可用任务
暂无可用任务

### 3. 检查已发布资产
暂无已发布资产

=== 每日任务完成 ===

=== EvoMap 每日任务 ===
时间：2026-03-13T10:00:01Z

### 1. 心跳检测
- 状态：unknown
- 积分余额：0
- 可用任务：0

### 2. 获取可用任务
暂无可用任务

### 3. 检查已发布资产
暂无已发布资产

=== 每日任务完成 ===

=== EvoMap 每日任务 ===
时间：2026-03-14T10:00:01Z

### 1. 心跳检测
- 状态：unknown
- 积分余额：0
- 可用任务：0

### 2. 获取可用任务
暂无可用任务

### 3. 检查已发布资产
暂无已发布资产

=== 每日任务完成 ===

=== EvoMap 每日任务 ===
时间：2026-03-15T10:00:01Z

### 1. 心跳检测
- 状态：unknown
- 积分余额：0
- 可用任务：0

### 2. 获取可用任务
暂无可用任务

### 3. 检查已发布资产
暂无已发布资产

=== 每日任务完成 ===

=== EvoMap 每日任务 ===
时间：2026-03-16T10:00:01Z

### 1. 心跳检测
- 状态：unknown
- 积分余额：0
- 可用任务：0

### 2. 获取可用任务
暂无可用任务

### 3. 检查已发布资产
暂无已发布资产

=== 每日任务完成 ===

=== EvoMap 每日任务 ===
时间：2026-03-17T10:00:01Z

### 1. 心跳检测
Traceback (most recent call last):
  File "<string>", line 3, in <module>
  File "/usr/lib/python3.12/json/__init__.py", line 293, in load
    return loads(fp.read(),
           ^^^^^^^^^^^^^^^^
  File "/usr/lib/python3.12/json/__init__.py", line 346, in loads
    return _default_decoder.decode(s)
           ^^^^^^^^^^^^^^^^^^^^^^^^^^
  File "/usr/lib/python3.12/json/decoder.py", line 337, in decode
    obj, end = self.raw_decode(s, idx=_w(s, 0).end())
               ^^^^^^^^^^^^^^^^^^^^^^^^^^^^^^^^^^^^^^
  File "/usr/lib/python3.12/json/decoder.py", line 355, in raw_decode
    raise JSONDecodeError("Expecting value", s, err.value) from None
json.decoder.JSONDecodeError: Expecting value: line 1 column 1 (char 0)

### 2. 获取可用任务
暂无可用任务

### 3. 检查已发布资产
暂无已发布资产

=== 每日任务完成 ===

=== EvoMap 每日任务 ===
时间：2026-03-18T10:00:01Z

### 1. 心跳检测
- 状态：unknown
- 积分余额：0
- 可用任务：0

### 2. 获取可用任务
暂无可用任务

### 3. 检查已发布资产
暂无已发布资产

=== 每日任务完成 ===

=== EvoMap 每日任务 ===
时间：2026-03-19T10:00:01Z

### 1. 心跳检测
- 状态：unknown
- 积分余额：0
- 可用任务：0

### 2. 获取可用任务
暂无可用任务

### 3. 检查已发布资产
暂无已发布资产

=== 每日任务完成 ===

=== EvoMap 每日任务 ===
时间：2026-03-20T10:00:01Z

### 1. 心跳检测
- 状态：unknown
- 积分余额：0
- 可用任务：0

### 2. 获取可用任务
暂无可用任务

### 3. 检查已发布资产
暂无已发布资产

=== 每日任务完成 ===

=== EvoMap 每日任务 ===
时间：2026-03-21T10:00:01Z

### 1. 心跳检测
- 状态：unknown
- 积分余额：0
- 可用任务：0

### 2. 获取可用任务
暂无可用任务

### 3. 检查已发布资产
暂无已发布资产

=== 每日任务完成 ===

=== EvoMap 每日任务 ===
时间：2026-03-22T10:00:14Z

### 1. 心跳检测
Traceback (most recent call last):
  File "<string>", line 3, in <module>
  File "/usr/lib/python3.12/json/__init__.py", line 293, in load
    return loads(fp.read(),
           ^^^^^^^^^^^^^^^^
  File "/usr/lib/python3.12/json/__init__.py", line 346, in loads
    return _default_decoder.decode(s)
           ^^^^^^^^^^^^^^^^^^^^^^^^^^
  File "/usr/lib/python3.12/json/decoder.py", line 337, in decode
    obj, end = self.raw_decode(s, idx=_w(s, 0).end())
               ^^^^^^^^^^^^^^^^^^^^^^^^^^^^^^^^^^^^^^
  File "/usr/lib/python3.12/json/decoder.py", line 355, in raw_decode
    raise JSONDecodeError("Expecting value", s, err.value) from None
json.decoder.JSONDecodeError: Expecting value: line 2 column 1 (char 1)

### 2. 获取可用任务
暂无可用任务

### 3. 检查已发布资产
暂无已发布资产

=== 每日任务完成 ===

=== EvoMap 每日任务 ===
时间：2026-03-23T10:00:07Z

### 1. 心跳检测
Traceback (most recent call last):
  File "<string>", line 3, in <module>
  File "/usr/lib/python3.12/json/__init__.py", line 293, in load
    return loads(fp.read(),
           ^^^^^^^^^^^^^^^^
  File "/usr/lib/python3.12/json/__init__.py", line 346, in loads
    return _default_decoder.decode(s)
           ^^^^^^^^^^^^^^^^^^^^^^^^^^
  File "/usr/lib/python3.12/json/decoder.py", line 337, in decode
    obj, end = self.raw_decode(s, idx=_w(s, 0).end())
               ^^^^^^^^^^^^^^^^^^^^^^^^^^^^^^^^^^^^^^
  File "/usr/lib/python3.12/json/decoder.py", line 355, in raw_decode
    raise JSONDecodeError("Expecting value", s, err.value) from None
json.decoder.JSONDecodeError: Expecting value: line 2 column 1 (char 1)

### 2. 获取可用任务
Traceback (most recent call last):
  File "<string>", line 3, in <module>
  File "/usr/lib/python3.12/json/__init__.py", line 293, in load
    return loads(fp.read(),
           ^^^^^^^^^^^^^^^^
  File "/usr/lib/python3.12/json/__init__.py", line 346, in loads
    return _default_decoder.decode(s)
           ^^^^^^^^^^^^^^^^^^^^^^^^^^
  File "/usr/lib/python3.12/json/decoder.py", line 337, in decode
    obj, end = self.raw_decode(s, idx=_w(s, 0).end())
               ^^^^^^^^^^^^^^^^^^^^^^^^^^^^^^^^^^^^^^
  File "/usr/lib/python3.12/json/decoder.py", line 355, in raw_decode
    raise JSONDecodeError("Expecting value", s, err.value) from None
json.decoder.JSONDecodeError: Expecting value: line 2 column 1 (char 1)

### 3. 检查已发布资产
Traceback (most recent call last):
  File "<string>", line 3, in <module>
  File "/usr/lib/python3.12/json/__init__.py", line 293, in load
    return loads(fp.read(),
           ^^^^^^^^^^^^^^^^
  File "/usr/lib/python3.12/json/__init__.py", line 346, in loads
    return _default_decoder.decode(s)
           ^^^^^^^^^^^^^^^^^^^^^^^^^^
  File "/usr/lib/python3.12/json/decoder.py", line 337, in decode
    obj, end = self.raw_decode(s, idx=_w(s, 0).end())
               ^^^^^^^^^^^^^^^^^^^^^^^^^^^^^^^^^^^^^^
  File "/usr/lib/python3.12/json/decoder.py", line 355, in raw_decode
    raise JSONDecodeError("Expecting value", s, err.value) from None
json.decoder.JSONDecodeError: Expecting value: line 1 column 1 (char 0)

=== 每日任务完成 ===

=== EvoMap 每日任务 ===
时间：2026-03-24T10:00:01Z

### 1. 心跳检测
- 状态：unknown
- 积分余额：0
- 可用任务：0

### 2. 获取可用任务
暂无可用任务

### 3. 检查已发布资产
暂无已发布资产

=== 每日任务完成 ===

