2026-03-11 11:53:51,555 - INFO - ============================================================
2026-03-11 11:53:51,556 - INFO - 🚀 持仓监控启动
2026-03-11 11:53:51,556 - INFO - ============================================================
2026-03-11 11:53:55,120 - ERROR - 持仓查询失败：{"code":-2015,"msg":"Invalid API-key, IP, or permissions for action"}
2026-03-11 11:53:55,121 - INFO - ============================================================
2026-03-11 11:53:55,122 - INFO - ⏰ 2026-03-11 11:53:55 UTC
2026-03-11 11:53:55,122 - INFO - 💰 BTC: $69294.53
2026-03-11 11:53:55,122 - INFO - 📊 无持仓
2026-03-11 11:53:55,122 - INFO - ============================================================
2026-03-11 11:54:58,875 - ERROR - 持仓查询失败：{"code":-2015,"msg":"Invalid API-key, IP, or permissions for action"}
2026-03-11 11:54:58,876 - INFO - ============================================================
2026-03-11 11:54:58,877 - INFO - ⏰ 2026-03-11 11:54:58 UTC
2026-03-11 11:54:58,877 - INFO - 💰 BTC: $69324.64
2026-03-11 11:54:58,877 - INFO - 📊 无持仓
2026-03-11 11:54:58,877 - INFO - ============================================================
2026-03-11 11:56:04,184 - ERROR - 持仓查询失败：{"code":-2015,"msg":"Invalid API-key, IP, or permissions for action"}
2026-03-11 11:56:04,186 - INFO - ============================================================
2026-03-11 11:56:04,186 - INFO - ⏰ 2026-03-11 11:56:04 UTC
2026-03-11 11:56:04,186 - INFO - 💰 BTC: $69310.59
2026-03-11 11:56:04,186 - INFO - 📊 无持仓
2026-03-11 11:56:04,186 - INFO - ============================================================
2026-03-11 11:57:08,238 - ERROR - 持仓查询失败：{"code":-2015,"msg":"Invalid API-key, IP, or permissions for action"}
2026-03-11 11:57:08,240 - INFO - ============================================================
2026-03-11 11:57:08,240 - INFO - ⏰ 2026-03-11 11:57:08 UTC
2026-03-11 11:57:08,240 - INFO - 💰 BTC: $69254.28
2026-03-11 11:57:08,240 - INFO - 📊 无持仓
2026-03-11 11:57:08,240 - INFO - ============================================================
2026-03-11 11:58:14,884 - ERROR - 异常：HTTPSConnectionPool(host='fapi.binance.com', port=443): Max retries exceeded with url: /fapi/v2/positionRisk?timestamp=1773230289881&signature=c822cebf7f242fd74028428f099c7409d5807baa2e31f97c63c3c91d4fd909cd (Caused by SSLError(SSLEOFError(8, '[SSL: UNEXPECTED_EOF_WHILE_READING] EOF occurred in violation of protocol (_ssl.c:1000)')))
2026-03-11 11:58:14,885 - INFO - ============================================================
2026-03-11 11:58:14,885 - INFO - ⏰ 2026-03-11 11:58:14 UTC
2026-03-11 11:58:14,885 - INFO - 💰 BTC: $69245.46
2026-03-11 11:58:14,885 - INFO - 📊 无持仓
2026-03-11 11:58:14,885 - INFO - ============================================================
2026-03-11 11:59:18,010 - ERROR - 持仓查询失败：{"code":-2015,"msg":"Invalid API-key, IP, or permissions for action"}
2026-03-11 11:59:18,013 - INFO - ============================================================
2026-03-11 11:59:18,013 - INFO - ⏰ 2026-03-11 11:59:18 UTC
2026-03-11 11:59:18,013 - INFO - 💰 BTC: $69213.80
2026-03-11 11:59:18,013 - INFO - 📊 无持仓
2026-03-11 11:59:18,013 - INFO - ============================================================
2026-03-11 12:00:21,199 - ERROR - 持仓查询失败：{"code":-2015,"msg":"Invalid API-key, IP, or permissions for action"}
2026-03-11 12:00:21,202 - INFO - ============================================================
2026-03-11 12:00:21,203 - INFO - ⏰ 2026-03-11 12:00:21 UTC
2026-03-11 12:00:21,203 - INFO - 💰 BTC: $69193.45
2026-03-11 12:00:21,203 - INFO - 📊 无持仓
2026-03-11 12:00:21,203 - INFO - ============================================================
