[2026-03-09 17:39:29] ======================================================================
[2026-03-09 17:39:29] 🤖 专业自动交易脚本启动
[2026-03-09 17:39:29] ======================================================================
[2026-03-09 17:39:31] 
💼 当前持仓
[2026-03-09 17:39:31]    方向：SHORT
[2026-03-09 17:39:31]    持仓：0.0130 BTC
[2026-03-09 17:39:31]    开仓价：$68,716.10
[2026-03-09 17:39:31]    当前价：$68,393.65
[2026-03-09 17:39:31]    盈亏：$4.19 (0.01%)
[2026-03-09 17:39:31] 
🎯 交易策略
[2026-03-09 17:39:31]    止损位：$70,000
[2026-03-09 17:39:31]    止盈位：$68,000
[2026-03-09 17:39:31]    回本位：$68,716.10
[2026-03-09 17:39:31] 
✅ 盈利超过 3%，建议部分止盈
[2026-03-09 17:39:31] 
======================================================================
[2026-03-09 17:39:31] ⚠️ 注意：实际执行需要确认
[2026-03-09 17:39:31]    编辑脚本将 confirm=False 来启用自动执行
[2026-03-09 17:39:31] ======================================================================
